Active-HDL 12.0.118.7745 2023-02-16 18:32:09

Elaboration top modules:
Architecture                  test(Test_ParaleloSerie)


-----------------------------------------------------------------------------------------------------------
Entity             | Architecture | Library       | Info | Compiler Version          | Compilation Options
-----------------------------------------------------------------------------------------------------------
Test_ParaleloSerie | test         | paraleloserie |      | 12.0.118.7745 (Windows64) | -O3
ParaleloSerie      | Registro     | paraleloserie |      | 12.0.118.7745 (Windows64) | -O3
-----------------------------------------------------------------------------------------------------------

-----------------------------------------------------------------------------------------------------------
VHDL Package                      | Library       | Info | Compiler Version          | Compilation Options
-----------------------------------------------------------------------------------------------------------
standard                          | std           |      |                           | <unavailable>
TEXTIO                            | std           |      |                           | <unavailable>
std_logic_1164                    | ieee          |      |                           | <unavailable>
-----------------------------------------------------------------------------------------------------------

-----------------------------------------------------------------------------------------------------------
Library                           | Comment
-----------------------------------------------------------------------------------------------------------
ieee                              | Standard IEEE packages library
paraleloserie                     | None
std                               | Standard VHDL library
-----------------------------------------------------------------------------------------------------------


Simulation Options: asim -O5 +access +r +m+Test_ParaleloSerie Test_ParaleloSerie test

