Active-HDL 12.0.118.7745 2023-02-16 17:26:09

Elaboration top modules:
Architecture                  registro(RegistroHabilitado)


----------------------------------------------------------------------------------------------------------------
Entity             | Architecture | Library            | Info | Compiler Version          | Compilation Options
----------------------------------------------------------------------------------------------------------------
RegistroHabilitado | registro     | registrohabilitado |      | 12.0.118.7745 (Windows64) | -O3
----------------------------------------------------------------------------------------------------------------

----------------------------------------------------------------------------------------------------------------
VHDL Package                      | Library            | Info | Compiler Version          | Compilation Options
----------------------------------------------------------------------------------------------------------------
standard                          | std                |      |                           | <unavailable>
TEXTIO                            | std                |      |                           | <unavailable>
std_logic_1164                    | ieee               |      |                           | <unavailable>
----------------------------------------------------------------------------------------------------------------

----------------------------------------------------------------------------------------------------------------
Library                           | Comment
----------------------------------------------------------------------------------------------------------------
ieee                              | Standard IEEE packages library
registrohabilitado                | None
std                               | Standard VHDL library
----------------------------------------------------------------------------------------------------------------
