Active-HDL 12.0.118.7745 2023-03-30 16:39:09

Elaboration top modules:
Architecture                  test(Encoder_direccion_TB)


-----------------------------------------------------------------------------------------------------------
Entity               | Architecture | Library     | Info | Compiler Version          | Compilation Options
-----------------------------------------------------------------------------------------------------------
Encoder_direccion_TB | test         | fsm_encoder |      | 12.0.118.7745 (Windows64) | -O3
Encoder_direccion    | FMS          | fsm_encoder |      | 12.0.118.7745 (Windows64) | -O3
-----------------------------------------------------------------------------------------------------------

-----------------------------------------------------------------------------------------------------------
VHDL Package                        | Library     | Info | Compiler Version          | Compilation Options
-----------------------------------------------------------------------------------------------------------
standard                            | std         |      |                           | <unavailable>
TEXTIO                              | std         |      |                           | <unavailable>
std_logic_1164                      | ieee        |      |                           | <unavailable>
-----------------------------------------------------------------------------------------------------------

-----------------------------------------------------------------------------------------------------------
Library                             | Comment
-----------------------------------------------------------------------------------------------------------
fsm_encoder                         | None
ieee                                | Standard IEEE packages library
std                                 | Standard VHDL library
-----------------------------------------------------------------------------------------------------------
