Active-HDL 12.0.118.7745 2023-02-16 19:07:43

Elaboration top modules:
Architecture                  test(Test_SerieParalelo)


-----------------------------------------------------------------------------------------------------------
Entity             | Architecture | Library       | Info | Compiler Version          | Compilation Options
-----------------------------------------------------------------------------------------------------------
Test_SerieParalelo | test         | serieparalelo |      | 12.0.118.7745 (Windows64) | -O3
SerieParalelo      | Registro     | serieparalelo |      | 12.0.118.7745 (Windows64) | -O3
-----------------------------------------------------------------------------------------------------------

-----------------------------------------------------------------------------------------------------------
VHDL Package                      | Library       | Info | Compiler Version          | Compilation Options
-----------------------------------------------------------------------------------------------------------
standard                          | std           |      |                           | <unavailable>
TEXTIO                            | std           |      |                           | <unavailable>
std_logic_1164                    | ieee          |      |                           | <unavailable>
-----------------------------------------------------------------------------------------------------------

-----------------------------------------------------------------------------------------------------------
Library                           | Comment
-----------------------------------------------------------------------------------------------------------
ieee                              | Standard IEEE packages library
serieparalelo                     | None
std                               | Standard VHDL library
-----------------------------------------------------------------------------------------------------------


Simulation Options: asim -O5 +access +r +m+Test_SerieParalelo Test_SerieParalelo test

