Active-HDL 12.0.118.7745 2023-03-09 16:22:32

Elaboration top modules:
Architecture                  test(Test_Temporizador)


---------------------------------------------------------------------------------------------------------
Entity            | Architecture | Library      | Info | Compiler Version          | Compilation Options
---------------------------------------------------------------------------------------------------------
Test_Temporizador | test         | temporizador |      | 12.0.118.7745 (Windows64) | -O3
Temporizador      | Generico     | temporizador |      | 12.0.118.7745 (Windows64) | -O3
---------------------------------------------------------------------------------------------------------

---------------------------------------------------------------------------------------------------------
VHDL Package                     | Library      | Info | Compiler Version          | Compilation Options
---------------------------------------------------------------------------------------------------------
standard                         | std          |      |                           | <unavailable>
TEXTIO                           | std          |      |                           | <unavailable>
std_logic_1164                   | ieee         |      |                           | <unavailable>
NUMERIC_STD                      | ieee         |      |                           | <unavailable>
---------------------------------------------------------------------------------------------------------

---------------------------------------------------------------------------------------------------------
Library                          | Comment
---------------------------------------------------------------------------------------------------------
ieee                             | Standard IEEE packages library
std                              | Standard VHDL library
temporizador                     | None
---------------------------------------------------------------------------------------------------------
