Active-HDL 12.0.118.7745 2023-03-09 17:00:25

Elaboration top modules:
Architecture                  test(Test_Contador_AD)


-------------------------------------------------------------------------------------------------------
Entity           | Architecture | Library     | Info | Compiler Version          | Compilation Options
-------------------------------------------------------------------------------------------------------
Test_Contador_AD | test         | contador_ad |      | 12.0.118.7745 (Windows64) | -O3
Contador_AD      | Contador     | contador_ad |      | 12.0.118.7745 (Windows64) | -O3
-------------------------------------------------------------------------------------------------------

-------------------------------------------------------------------------------------------------------
VHDL Package                    | Library     | Info | Compiler Version          | Compilation Options
-------------------------------------------------------------------------------------------------------
standard                        | std         |      |                           | <unavailable>
TEXTIO                          | std         |      |                           | <unavailable>
std_logic_1164                  | ieee        |      |                           | <unavailable>
NUMERIC_STD                     | ieee        |      |                           | <unavailable>
-------------------------------------------------------------------------------------------------------

-------------------------------------------------------------------------------------------------------
Library                         | Comment
-------------------------------------------------------------------------------------------------------
contador_ad                     | None
ieee                            | Standard IEEE packages library
std                             | Standard VHDL library
-------------------------------------------------------------------------------------------------------


Simulation Options: asim -O5 +access +r +m+Test_Contador_AD Test_Contador_AD test

