Active-HDL 12.0.118.7745 2023-03-02 18:55:50

Elaboration top modules:
Architecture                  Tristate(Tristate_Buffer)


----------------------------------------------------------------------------------------------------------
Entity          | Architecture | Library         | Info | Compiler Version          | Compilation Options
----------------------------------------------------------------------------------------------------------
Tristate_Buffer | Tristate     | Tristate_Buffer |      | 12.0.118.7745 (Windows64) | -O3
----------------------------------------------------------------------------------------------------------

----------------------------------------------------------------------------------------------------------
VHDL Package                   | Library         | Info | Compiler Version          | Compilation Options
----------------------------------------------------------------------------------------------------------
standard                       | std             |      |                           | <unavailable>
TEXTIO                         | std             |      |                           | <unavailable>
std_logic_1164                 | ieee            |      |                           | <unavailable>
----------------------------------------------------------------------------------------------------------

----------------------------------------------------------------------------------------------------------
Library                        | Comment
----------------------------------------------------------------------------------------------------------
ieee                           | Standard IEEE packages library
std                            | Standard VHDL library
Tristate_Buffer                | None
----------------------------------------------------------------------------------------------------------
